<?xml version="1.0" encoding="UTF-8"?>
<!-- Generated by org.testng.reporters.JUnitXMLReporter -->
<testsuite ignored="0" hostname="Aloks-MacBook-Pro.local" failures="0" tests="3" name="ChromeTest" time="5.795" errors="0" timestamp="2026-01-30T12:53:43 IST">
  <testcase classname="testCases.TC001_AccountRegistrationTest" name="verify_account_registration" time="0.678"/>
  <testcase classname="testCases.TC002_LoginTest" name="login_Test" time="0.539"/>
  <testcase classname="testCases.TC004_SearchProducts" name="search_product" time="0.27"/>
</testsuite> <!-- ChromeTest -->
