<?xml version="1.0" encoding="UTF-8"?>
<!-- Generated by org.testng.reporters.JUnitXMLReporter -->
<testsuite ignored="0" hostname="Aloks-MacBook-Pro.local" failures="1" tests="3" name="Test2" time="80.476" errors="0" timestamp="2025-12-15T13:36:41 IST">
  <testcase classname="testCases.TC003_LoginDataDrivenTest" name="testLogin" time="25.367">
    <failure type="java.lang.AssertionError" message="expected [true] but found [false]">
      <![CDATA[java.lang.AssertionError: expected [true] but found [false]
at testCases.TC003_LoginDataDrivenTest.testLogin(TC003_LoginDataDrivenTest.java:40)
at java.base/java.util.ArrayList.forEach(ArrayList.java:1604)
... Removed 29 stack frames]]>
    </failure>
  </testcase> <!-- testLogin -->
  <testcase classname="testCases.TC003_LoginDataDrivenTest" name="testLogin" time="25.372"/>
  <testcase classname="testCases.TC003_LoginDataDrivenTest" name="testLogin" time="25.293"/>
</testsuite> <!-- Test2 -->
