<?xml version="1.0" encoding="UTF-8"?>
<testng-results ignored="0" total="2" passed="2" failed="0" skipped="0">
  <reporter-output>
  </reporter-output>
  <suite started-at="2025-12-11T18:13:29 IST" name="Suite" finished-at="2025-12-11T18:13:41 IST" duration-ms="12602">
    <groups>
    </groups>
    <test started-at="2025-12-11T18:13:29 IST" name="Test1" finished-at="2025-12-11T18:13:33 IST" duration-ms="4096">
      <class name="testCases.TC001_AccountRegistrationTest">
        <test-method is-config="true" signature="setup(java.lang.String,java.lang.String)[pri:0, instance:testCases.TC001_AccountRegistrationTest@399f45b1]" started-at="2025-12-11T18:13:29 IST" name="setup" finished-at="2025-12-11T18:13:32 IST" duration-ms="3052" status="PASS">
          <params>
            <param index="0">
              <value>
                <![CDATA[macOS]]>
              </value>
            </param>
            <param index="1">
              <value>
                <![CDATA[firefox]]>
              </value>
            </param>
          </params>
          <reporter-output>
          </reporter-output>
        </test-method> <!-- setup -->
        <test-method signature="verify_account_registration()[pri:0, instance:testCases.TC001_AccountRegistrationTest@399f45b1]" started-at="2025-12-11T18:13:32 IST" name="verify_account_registration" finished-at="2025-12-11T18:13:32 IST" duration-ms="585" status="PASS">
          <reporter-output>
          </reporter-output>
        </test-method> <!-- verify_account_registration -->
        <test-method is-config="true" signature="tearDown()[pri:0, instance:testCases.TC001_AccountRegistrationTest@399f45b1]" started-at="2025-12-11T18:13:32 IST" name="tearDown" finished-at="2025-12-11T18:13:33 IST" duration-ms="449" status="PASS">
          <reporter-output>
          </reporter-output>
        </test-method> <!-- tearDown -->
      </class> <!-- testCases.TC001_AccountRegistrationTest -->
    </test> <!-- Test1 -->
    <test started-at="2025-12-11T18:13:33 IST" name="Test2" finished-at="2025-12-11T18:13:41 IST" duration-ms="8494">
      <class name="testCases.TC002_LoginTest">
        <test-method is-config="true" signature="setup(java.lang.String,java.lang.String)[pri:0, instance:testCases.TC002_LoginTest@2a65fe7c]" started-at="2025-12-11T18:13:33 IST" name="setup" finished-at="2025-12-11T18:13:36 IST" duration-ms="3109" status="PASS">
          <params>
            <param index="0">
              <value>
                <![CDATA[macOS]]>
              </value>
            </param>
            <param index="1">
              <value>
                <![CDATA[chrome]]>
              </value>
            </param>
          </params>
          <reporter-output>
          </reporter-output>
        </test-method> <!-- setup -->
        <test-method signature="login_Test()[pri:0, instance:testCases.TC002_LoginTest@2a65fe7c]" started-at="2025-12-11T18:13:36 IST" name="login_Test" finished-at="2025-12-11T18:13:41 IST" duration-ms="5296" status="PASS">
          <reporter-output>
          </reporter-output>
        </test-method> <!-- login_Test -->
        <test-method is-config="true" signature="tearDown()[pri:0, instance:testCases.TC002_LoginTest@2a65fe7c]" started-at="2025-12-11T18:13:41 IST" name="tearDown" finished-at="2025-12-11T18:13:41 IST" duration-ms="88" status="PASS">
          <reporter-output>
          </reporter-output>
        </test-method> <!-- tearDown -->
      </class> <!-- testCases.TC002_LoginTest -->
    </test> <!-- Test2 -->
  </suite> <!-- Suite -->
</testng-results>
