<?xml version="1.0" encoding="UTF-8"?>
<testng-results ignored="0" total="1" passed="1" failed="0" skipped="0">
  <reporter-output>
  </reporter-output>
  <suite started-at="2026-01-31T13:07:48 IST" name="Suite" finished-at="2026-01-31T13:07:53 IST" duration-ms="5038">
    <groups>
      <group name="Master">
        <method signature="CheckoutWorkflowTest_withoutLogin.checkout_complete_flow()[pri:0, instance:testCases.Workflows.CheckoutWorkflowTest_withoutLogin@16d04d3d]" name="checkout_complete_flow" class="testCases.Workflows.CheckoutWorkflowTest_withoutLogin"/>
      </group> <!-- Master -->
    </groups>
    <test started-at="2026-01-31T13:07:48 IST" name="Test2" finished-at="2026-01-31T13:07:53 IST" duration-ms="5038">
      <class name="testCases.Workflows.CheckoutWorkflowTest_withoutLogin">
        <test-method is-config="true" signature="setup(java.lang.String,java.lang.String)[pri:0, instance:testCases.Workflows.CheckoutWorkflowTest_withoutLogin@16d04d3d]" started-at="2026-01-31T13:07:48 IST" name="setup" finished-at="2026-01-31T13:07:53 IST" duration-ms="4552" status="PASS">
          <params>
            <param index="0">
              <value>
                <![CDATA[macOS]]>
              </value>
            </param>
            <param index="1">
              <value>
                <![CDATA[chrome]]>
              </value>
            </param>
          </params>
          <reporter-output>
          </reporter-output>
        </test-method> <!-- setup -->
        <test-method signature="checkout_complete_flow()[pri:0, instance:testCases.Workflows.CheckoutWorkflowTest_withoutLogin@16d04d3d]" started-at="2026-01-31T13:07:53 IST" name="checkout_complete_flow" finished-at="2026-01-31T13:07:53 IST" duration-ms="408" status="PASS">
          <reporter-output>
          </reporter-output>
        </test-method> <!-- checkout_complete_flow -->
      </class> <!-- testCases.Workflows.CheckoutWorkflowTest_withoutLogin -->
    </test> <!-- Test2 -->
  </suite> <!-- Suite -->
</testng-results>
