<?xml version="1.0" encoding="UTF-8"?>
<testng-results ignored="0" total="1" passed="1" failed="0" skipped="0">
  <reporter-output>
  </reporter-output>
  <suite started-at="2025-12-10T19:19:52 IST" name="Suite" finished-at="2025-12-10T19:19:56 IST" duration-ms="3775">
    <groups>
    </groups>
    <test started-at="2025-12-10T19:19:52 IST" name="Test" finished-at="2025-12-10T19:19:56 IST" duration-ms="3775">
      <class name="testCases.TC001_AccountRegistrationTest">
        <test-method is-config="true" signature="setup(java.lang.String,java.lang.String)[pri:0, instance:testCases.TC001_AccountRegistrationTest@399f45b1]" started-at="2025-12-10T19:19:52 IST" name="setup" finished-at="2025-12-10T19:19:55 IST" duration-ms="2686" status="PASS">
          <params>
            <param index="0">
              <value>
                <![CDATA[macOS]]>
              </value>
            </param>
            <param index="1">
              <value>
                <![CDATA[firefox]]>
              </value>
            </param>
          </params>
          <reporter-output>
          </reporter-output>
        </test-method> <!-- setup -->
        <test-method signature="verify_account_registration()[pri:0, instance:testCases.TC001_AccountRegistrationTest@399f45b1]" started-at="2025-12-10T19:19:55 IST" name="verify_account_registration" finished-at="2025-12-10T19:19:55 IST" duration-ms="626" status="PASS">
          <reporter-output>
          </reporter-output>
        </test-method> <!-- verify_account_registration -->
        <test-method is-config="true" signature="tearDown()[pri:0, instance:testCases.TC001_AccountRegistrationTest@399f45b1]" started-at="2025-12-10T19:19:55 IST" name="tearDown" finished-at="2025-12-10T19:19:56 IST" duration-ms="451" status="PASS">
          <reporter-output>
          </reporter-output>
        </test-method> <!-- tearDown -->
      </class> <!-- testCases.TC001_AccountRegistrationTest -->
    </test> <!-- Test -->
  </suite> <!-- Suite -->
</testng-results>
