<?xml version="1.0" encoding="UTF-8"?>
<!-- Generated by org.testng.reporters.JUnitReportReporter -->
<testsuite hostname="Aloks-MacBook-Pro.local" failures="0" tests="1" name="testCases.Workflows.CheckoutWorkflowTest_withoutLogin" time="0.408" errors="0" timestamp="2026-01-31T13:07:53 IST" skipped="0">
  <testcase classname="testCases.Workflows.CheckoutWorkflowTest_withoutLogin" name="checkout_complete_flow" time="0.408"/>
</testsuite> <!-- testCases.Workflows.CheckoutWorkflowTest_withoutLogin -->
